Arguments: 
  C:\Program Files\nodejs\node.exe C:\Program Files (x86)\Yarn\bin\yarn.js upgrade

PATH: 
  C:\Program Files (x86)\Intel\Intel(R) Management Engine Components\iCLS\;C:\Program Files\Intel\Intel(R) Management Engine Components\iCLS\;C:\Windows\system32;C:\Windows;C:\Windows\System32\Wbem;C:\Windows\System32\WindowsPowerShell\v1.0\;C:\Program Files (x86)\NVIDIA Corporation\PhysX\Common;C:\Program Files (x86)\Intel\Intel(R) Management Engine Components\DAL;C:\Program Files\Intel\Intel(R) Management Engine Components\DAL;C:\Program Files (x86)\Intel\Intel(R) Management Engine Components\IPT;C:\Program Files\Intel\Intel(R) Management Engine Components\IPT;C:\Program Files\Intel\WiFi\bin\;C:\Program Files\Common Files\Intel\WirelessCommon\;C:\Program Files\Common Files\Autodesk Shared\;C:\Program Files (x86)\Autodesk\Backburner\;C:\Program Files\nodejs\;C:\Program Files\Git\cmd;C:\Program Files\Git\mingw64\bin;C:\Program Files\Git\usr\bin;C:\WINDOWS\system32;C:\WINDOWS;C:\WINDOWS\System32\Wbem;C:\WINDOWS\System32\WindowsPowerShell\v1.0\;C:\Program Files\Amazon\AWSCLI\;C:\Program Files\Microsoft SQL Server\130\Tools\Binn\;C:\Program Files (x86)\Yarn\bin\;C:\ProgramData\chocolatey\bin;C:\Users\Windows\AppData\Local\Microsoft\WindowsApps;C:\Program Files\Intel\WiFi\bin\;C:\Program Files\Common Files\Intel\WirelessCommon\;C:\Users\Windows\AppData\Roaming\npm;C:\Program Files\Microsoft VS Code\bin;C:\Users\Windows\AppData\Local\atom\bin;C:\Users\Windows\AppData\Local\Microsoft\WindowsApps;C:\Users\Windows\AppData\Local\Yarn\bin

Yarn version: 
  1.5.1

Node version: 
  9.6.1

Platform: 
  win32 x64

npm manifest: 
  {
    "name": "infinikit",
    "version": "1.0.0",
    "author": "Abdulrahman Alhamoudi",
    "main": "./dist/index.js",
    "scripts": {
      "start": "webpack-dev-server",
      "build": "WEBPACK_ENV=build webpack",
      "dev": "WEBPACK_ENV=dev webpack --progress --colors --watch"
    },
    "dependencies": {
      "@blueprintjs/core": "^1.35.0",
      "@firebase/app-types": "^0.1.2",
      "@types/web-animations-js": "^2.2.6",
      "animate-css-styled-components": "^0.0.20",
      "animate.css": "^3.5.2",
      "firebase": "^4.9.1",
      "font-awesome": "^4.7.0",
      "grommet": "^1.10.1",
      "history": "4.6.1",
      "jquery": "^3.3.1",
      "material-ui": "^1.0.0-beta.33",
      "material-ui-icons": "^1.0.0-beta.17",
      "mobx": "^3.4.1",
      "mobx-react": "^4.3.5",
      "node-sass": "^4.7.2",
      "prop-types": "^15.6.0",
      "react": "^16.2.0",
      "react-dom": "^16.2.0",
      "react-hammerjs": "^1.0.1",
      "react-loadable": "^5.3.1",
      "react-popper": "^0.8.2",
      "react-responsive": "^4.0.4",
      "react-router-dom": "^4.2.2",
      "react-springy-parallax": "^1.2.0",
      "react-throttle": "^0.3.0",
      "react-transition-group": "^2.2.1",
      "rxjs": "^5.5.6",
      "styled-components": "^3.1.6",
      "typeface-roboto": "^0.0.54",
      "underscore-es": "^1.9.8",
      "web-animations-js": "^2.3.1"
    },
    "devDependencies": {
      "@types/history": "4.5.1",
      "@types/pure-render-decorator": "^0.2.28",
      "@types/react": "^16.0.35",
      "@types/react-addons-css-transition-group": "^15.0.3",
      "@types/react-dom": "^16.0.3",
      "@types/react-router": "^4.0.20",
      "@types/react-router-dom": "^4.2.3",
      "@types/webpack": "2.2.15",
      "@types/webpack-env": "1.13.0",
      "awesome-typescript-loader": "3.1.3",
      "css-loader": "0.28.1",
      "event-source-polyfill": "0.0.9",
      "extract-text-webpack-plugin": "2.1.0",
      "file-loader": "0.11.1",
      "font-loader": "^0.1.2",
      "json-loader": "0.5.4",
      "node-noop": "1.0.0",
      "react-hot-loader": "3.0.0-beta.7",
      "sass-loader": "^6.0.6",
      "style-loader": "0.17.0",
      "ts-loader": "^3.5.0",
      "ts-node": "^5.0.1",
      "tslib": "^1.9.0",
      "typescript": "^2.7.2",
      "url-loader": "0.5.8",
      "webpack": "3.11.0",
      "webpack-dev-server": "^2.4.5",
      "webpack-hot-middleware": "2.18.0"
    }
  }

yarn manifest: 
  No manifest

Lockfile: 
  No lockfile

Trace: 
  Error: No lockfile in this directory. Run `yarn install` to generate one.
      at new MessageError (C:\Program Files (x86)\Yarn\lib\cli.js:186:110)
      at C:\Program Files (x86)\Yarn\lib\cli.js:89389:13
      at <anonymous>
