[debug] [2018-03-30T18:21:50.087Z] ----------------------------------------------------------------------
[debug] [2018-03-30T18:21:50.089Z] Command:       C:\Program Files\nodejs\node.exe C:\Users\Windows\AppData\Roaming\npm\node_modules\firebase-tools\bin\firebase deploy --only hosting
[debug] [2018-03-30T18:21:50.089Z] CLI Version:   3.17.6
[debug] [2018-03-30T18:21:50.089Z] Platform:      win32
[debug] [2018-03-30T18:21:50.089Z] Node Version:  v9.6.1
[debug] [2018-03-30T18:21:50.090Z] Time:          Fri Mar 30 2018 21:21:50 GMT+0300 (Arab Standard Time)
[debug] [2018-03-30T18:21:50.090Z] ----------------------------------------------------------------------
[debug] 
[debug] [2018-03-30T18:21:50.098Z] > command requires scopes: ["email","openid","https://www.googleapis.com/auth/cloudplatformprojects.readonly","https://www.googleapis.com/auth/firebase","https://www.googleapis.com/auth/cloud-platform"]
[debug] [2018-03-30T18:21:50.099Z] > authorizing via signed-in user
[debug] [2018-03-30T18:21:50.101Z] > refreshing access token with scopes: ["email","https://www.googleapis.com/auth/cloud-platform","https://www.googleapis.com/auth/cloudplatformprojects.readonly","https://www.googleapis.com/auth/firebase","openid"]
[debug] [2018-03-30T18:21:50.101Z] >>> HTTP REQUEST POST https://www.googleapis.com/oauth2/v3/token  
 { refresh_token: '1/AQOUGNjnG4cj2dNgeDkpmCnKtk_uwJGLjyJ7aaYOmwU',
  client_id: '563584335869-fgrhgmd47bqnekij5i8b5pr03ho849e6.apps.googleusercontent.com',
  client_secret: 'j9iVZfS8kkCEFUPaAeJV0sAi',
  grant_type: 'refresh_token',
  scope: 'email https://www.googleapis.com/auth/cloud-platform https://www.googleapis.com/auth/cloudplatformprojects.readonly https://www.googleapis.com/auth/firebase openid' } 
 Fri Mar 30 2018 21:21:50 GMT+0300 (Arab Standard Time)
[debug] [2018-03-30T18:21:50.510Z] <<< HTTP RESPONSE 200
[debug] [2018-03-30T18:21:50.517Z] >>> HTTP REQUEST GET https://admin.firebase.com/v1/projects/infinitivity-f35d6  
  
 Fri Mar 30 2018 21:21:50 GMT+0300 (Arab Standard Time)
[debug] [2018-03-30T18:21:51.559Z] <<< HTTP RESPONSE 200
[debug] [2018-03-30T18:21:51.559Z] >>> HTTP REQUEST GET https://admin.firebase.com/v1/database/infinitivity-f35d6/tokens  
  
 Fri Mar 30 2018 21:21:51 GMT+0300 (Arab Standard Time)
[debug] [2018-03-30T18:21:52.313Z] <<< HTTP RESPONSE 200
[info] 
[info] === Deploying to 'infinitivity-f35d6'...
[info] 
[info] i  deploying hosting
[info] Running command: npm --prefix .\app run build
[info] +  hosting: Finished running predeploy script.
[info] i  hosting: preparing App/dist directory for upload...
[debug] [2018-03-30T18:22:05.344Z] >>> HTTP REQUEST PUT https://deploy.firebase.com/v1/hosting/infinitivity-f35d6/uploads/-L8s8JBLqLgzfbQFvwxb?fileCount=45&message=  
  
 Fri Mar 30 2018 21:22:05 GMT+0300 (Arab Standard Time)
