Arguments: 
  C:\Program Files\nodejs\node.exe C:\Program Files (x86)\Yarn\bin\yarn.js

PATH: 
  D:\Data\Program\Oracle\Java\javapath;D:\Programs\Runtimes\Python\3\Scripts\;D:\Programs\Runtimes\Python\3\;C:\windows\system32;C:\windows;C:\windows\System32\Wbem;C:\windows\System32\WindowsPowerShell\v1.0\;D:\Data\Program\chocolatey\bin;D:\Programs\JXcore;D:\Programs\Shoes;C:\Program Files\dotnet\;C:\Program Files\Microsoft SQL Server\130\Tools\Binn\;C:\Program Files\nodejs\;C:\Program Files\Git\cmd;C:\Program Files (x86)\Yarn\bin;C:\Program Files\Amazon\AWSCLI\;D:\Users\Admin\AppData\Roaming\npm\;C:\Program Files (x86)\NVIDIA Corporation\PhysX\Common;D:\Users\Admin\AppData\Local\Programs\Python\Python36-32\Scripts\;D:\Users\Admin\AppData\Local\Programs\Python\Python36-32\;D:\Data\Program\Oracle\Java\javapath;D:\Programs\Runtimes\Python\3\Scripts\;D:\Programs\Runtimes\Python\3\;C:\windows\system32;C:\windows;C:\windows\System32\Wbem;C:\windows\System32\WindowsPowerShell\v1.0\;C:\Program Files (x86)\MySQL\MySQL Utilities\;C:\Program Files (x86)\MySQL\MySQL Utilities\Doctrine extensions for PHP\;D:\Data\Program\chocolatey\bin;D:\Programs\Node\;D:\Programs\JXcore;D:\Programs\Shoes;D:\Programs\WinSCP\;D:\Data\Program\Oracle\Java\javapath;D:\Programs\Runtimes\Python\3\Scripts\;D:\Programs\Runtimes\Python\3\;C:\windows\system32;C:\windows;C:\windows\System32\Wbem;C:\windows\System32\WindowsPowerShell\v1.0\;C:\Program Files (x86)\MySQL\MySQL Utilities\;C:\Program Files (x86)\MySQL\MySQL Utilities\Doctrine extensions for PHP\;D:\Data\Program\chocolatey\bin;D:\Programs\Node\;D:\Programs\JXcore;D:\Programs\Shoes;D:\Programs\WinSCP\;PATH;D:\Desktop;D:\Programs\Runtimes\Ruby\bin;D:\Users\Admin\AppData\Roaming\npm";D:\Users\Admin\AppData\Roaming\npm;C:\Program Files\Microsoft VS Code\bin;D:

Yarn version: 
  1.3.2

Node version: 
  9.3.0

Platform: 
  win32 x64

npm manifest: 
  {
    "name": "app",
    "version": "1.0.0",
    "scripts": {
      "start": "webpack-dev-server",
      "build": "webpack"
    },
    "dependencies": {
      "@blueprintjs/core": "^1.35.0",
      "amazon-cognito-identity-js": "^1.29.0",
      "animate.css": "^3.5.2",
      "apollo-client": "^2.2.1",
      "aws-amplify": "^0.1.x",
      "aws-appsync": "^1.0.6",
      "aws-appsync-react": "^1.0.4",
      "aws-sdk": "^2.188.0",
      "bootstrap": "3.3.7",
      "font-awesome": "^4.7.0",
      "graphql": "^0.12.3",
      "graphql-tag": "^2.6.1",
      "history": "4.6.1",
      "jquery": "3.2.1",
      "mobx": "^3.4.1",
      "mobx-react": "^4.3.5",
      "react": "^16.2.0",
      "react-addons-css-transition-group": "^15.6.2",
      "react-apollo": "^2.0.4",
      "react-apollo-decorators": "^1.4.26",
      "react-dom": "^16.2.0",
      "react-flexbox": "^3.1.4",
      "react-responsive": "^4.0.3",
      "react-router": "^4.2.0",
      "react-router-dom": "^4.2.2",
      "react-springy-parallax": "^1.2.0",
      "rxjs": "^5.4.0",
      "typed-graphql": "^1.0.2"
    },
    "devDependencies": {
      "@types/history": "4.5.1",
      "@types/react": "^16.0.35",
      "@types/react-dom": "^16.0.3",
      "@types/react-router": "^4.0.20",
      "@types/react-router-dom": "^4.2.3",
      "@types/pure-render-decorator": "^0.2.28",
      "@types/react-addons-css-transition-group": "^15.0.3",
      "@types/webpack": "2.2.15",
      "@types/webpack-env": "1.13.0",
      "awesome-typescript-loader": "3.1.3",
      "css-loader": "0.28.1",
      "event-source-polyfill": "0.0.9",
      "extract-text-webpack-plugin": "2.1.0",
      "file-loader": "0.11.1",
      "json-loader": "0.5.4",
      "node-noop": "1.0.0",
      "react-hot-loader": "3.0.0-beta.7",
      "style-loader": "0.17.0",
      "typescript": "^2.6.2",
      "url-loader": "0.5.8",
      "webpack": "2.5.1",
      "webpack-dev-server": "^2.4.5",
      "webpack-hot-middleware": "2.18.0"
      }
  }

yarn manifest: 
  No manifest

Lockfile: 
  No lockfile

Trace: 
  Error: getaddrinfo ENOTFOUND registry.yarnpkg.com registry.yarnpkg.com:443
      at errnoException (dns.js:55:10)
      at GetAddrInfoReqWrap.onlookup [as oncomplete] (dns.js:97:26)
